
2022/04/04 19:42:06 /Users/zhangdeyu/go/pkg/mod/gorm.io/driver/mysql@v1.2.1/migrator.go:234
[31.279ms] [rows:-] SELECT DATABASE()

2022/04/04 19:42:06 /Users/zhangdeyu/go/pkg/mod/gorm.io/driver/mysql@v1.2.1/migrator.go:237
[65.838ms] [rows:1] SELECT SCHEMA_NAME from Information_schema.SCHEMATA where SCHEMA_NAME LIKE 'myBlog%' ORDER BY SCHEMA_NAME='myBlog' DESC limit 1

2022/04/04 19:42:06 /Users/zhangdeyu/Desktop/项目/Front-MyBlog/blog_back_end_go/bootstrap/db.go:32
[64.500ms] [rows:-] SELECT count(*) FROM information_schema.tables WHERE table_schema = 'myBlog' AND table_name = 'users' AND table_type = 'BASE TABLE'

2022/04/04 19:42:06 /Users/zhangdeyu/go/pkg/mod/gorm.io/driver/mysql@v1.2.1/migrator.go:234
[32.890ms] [rows:-] SELECT DATABASE()

2022/04/04 19:42:06 /Users/zhangdeyu/go/pkg/mod/gorm.io/driver/mysql@v1.2.1/migrator.go:237 SLOW SQL >= 200ms
[270.381ms] [rows:1] SELECT SCHEMA_NAME from Information_schema.SCHEMATA where SCHEMA_NAME LIKE 'myBlog%' ORDER BY SCHEMA_NAME='myBlog' DESC limit 1

2022/04/04 19:42:06 /Users/zhangdeyu/go/pkg/mod/gorm.io/driver/mysql@v1.2.1/migrator.go:205
[83.357ms] [rows:-] SELECT column_name, is_nullable, data_type, character_maximum_length, numeric_precision, numeric_scale FROM information_schema.columns WHERE table_schema = 'myBlog' AND table_name = 'users'

2022/04/04 19:42:06 /Users/zhangdeyu/go/pkg/mod/gorm.io/driver/mysql@v1.2.1/migrator.go:234
[29.641ms] [rows:-] SELECT DATABASE()

2022/04/04 19:42:06 /Users/zhangdeyu/go/pkg/mod/gorm.io/driver/mysql@v1.2.1/migrator.go:237
[66.096ms] [rows:1] SELECT SCHEMA_NAME from Information_schema.SCHEMATA where SCHEMA_NAME LIKE 'myBlog%' ORDER BY SCHEMA_NAME='myBlog' DESC limit 1

2022/04/04 19:42:06 /Users/zhangdeyu/Desktop/项目/Front-MyBlog/blog_back_end_go/bootstrap/db.go:32
[68.250ms] [rows:-] SELECT count(*) FROM information_schema.statistics WHERE table_schema = 'myBlog' AND table_name = 'users' AND index_name = 'idx_users_deleted_at'

2022/04/04 19:42:07 /Users/zhangdeyu/go/pkg/mod/gorm.io/driver/mysql@v1.2.1/migrator.go:234
[107.117ms] [rows:-] SELECT DATABASE()

2022/04/04 19:42:07 /Users/zhangdeyu/go/pkg/mod/gorm.io/driver/mysql@v1.2.1/migrator.go:237
[93.428ms] [rows:1] SELECT SCHEMA_NAME from Information_schema.SCHEMATA where SCHEMA_NAME LIKE 'myBlog%' ORDER BY SCHEMA_NAME='myBlog' DESC limit 1

2022/04/04 19:42:07 /Users/zhangdeyu/Desktop/项目/Front-MyBlog/blog_back_end_go/bootstrap/db.go:32
[62.622ms] [rows:-] SELECT count(*) FROM information_schema.statistics WHERE table_schema = 'myBlog' AND table_name = 'users' AND index_name = 'idx_users_mobile'

2022/04/04 19:42:07 /Users/zhangdeyu/Desktop/项目/Front-MyBlog/blog_back_end_go/app_new/dao/common/dbctl/common.go:38
[33.327ms] [rows:7] SELECT * FROM `diaries`

2022/04/04 19:42:07 /Users/zhangdeyu/Desktop/项目/Front-MyBlog/blog_back_end_go/app_new/dao/common/dbctl/common.go:16
[139.788ms] [rows:1] INSERT INTO `diaries` (`content`,`is_open`,`created_time`,`modified_time`) VALUES ('test_golang',false,'2022-04-04 19:42:07.234','2022-04-04 19:42:07.234')

2022/04/04 19:42:07 /Users/zhangdeyu/Desktop/项目/Front-MyBlog/blog_back_end_go/app_new/dao/common/dbctl/common.go:38
[67.325ms] [rows:1] SELECT * FROM `diaries` WHERE `content` = 'test_golang'

2022/04/04 19:42:07 /Users/zhangdeyu/Desktop/项目/Front-MyBlog/blog_back_end_go/app_new/dao/common/dbctl/common.go:38 SLOW SQL >= 200ms
[288.506ms] [rows:1] SELECT * FROM `diaries` WHERE `id` = 9

2022/04/04 19:42:07 /Users/zhangdeyu/Desktop/项目/Front-MyBlog/blog_back_end_go/app_new/dao/diary/diary.go:63
[128.994ms] [rows:1] UPDATE `diaries` SET `content`='test_modify_golang',`is_open`=false,`created_time`='2022-04-04 19:42:07',`modified_time`='2022-04-04 19:42:07' WHERE `id` = 9

2022/04/04 19:42:07 /Users/zhangdeyu/Desktop/项目/Front-MyBlog/blog_back_end_go/app_new/dao/common/dbctl/common.go:38
[60.586ms] [rows:1] SELECT * FROM `diaries` WHERE `id` = 9

2022/04/04 19:42:08 /Users/zhangdeyu/Desktop/项目/Front-MyBlog/blog_back_end_go/app_new/dao/common/dbctl/common.go:54 SLOW SQL >= 200ms
[213.641ms] [rows:1] DELETE FROM `diaries` WHERE `id` = 9

2022/04/04 19:42:08 /Users/zhangdeyu/Desktop/项目/Front-MyBlog/blog_back_end_go/app_new/dao/common/dbctl/common.go:38
[95.151ms] [rows:0] SELECT * FROM `diaries` WHERE `id` = 9

2022/04/13 19:54:14 /Users/zhangdeyu/go/pkg/mod/gorm.io/driver/mysql@v1.2.1/migrator.go:234
[47.370ms] [rows:-] SELECT DATABASE()

2022/04/13 19:54:14 /Users/zhangdeyu/go/pkg/mod/gorm.io/driver/mysql@v1.2.1/migrator.go:237
[93.958ms] [rows:1] SELECT SCHEMA_NAME from Information_schema.SCHEMATA where SCHEMA_NAME LIKE 'myBlog%' ORDER BY SCHEMA_NAME='myBlog' DESC limit 1

2022/04/13 19:54:14 /Users/zhangdeyu/Desktop/项目/Front-MyBlog/blog_back_end_go/bootstrap/db.go:32
[95.499ms] [rows:-] SELECT count(*) FROM information_schema.tables WHERE table_schema = 'myBlog' AND table_name = 'users' AND table_type = 'BASE TABLE'

2022/04/13 19:54:14 /Users/zhangdeyu/go/pkg/mod/gorm.io/driver/mysql@v1.2.1/migrator.go:234
[47.101ms] [rows:-] SELECT DATABASE()

2022/04/13 19:54:14 /Users/zhangdeyu/go/pkg/mod/gorm.io/driver/mysql@v1.2.1/migrator.go:237
[96.005ms] [rows:1] SELECT SCHEMA_NAME from Information_schema.SCHEMATA where SCHEMA_NAME LIKE 'myBlog%' ORDER BY SCHEMA_NAME='myBlog' DESC limit 1

2022/04/13 19:54:15 /Users/zhangdeyu/go/pkg/mod/gorm.io/driver/mysql@v1.2.1/migrator.go:205
[97.203ms] [rows:-] SELECT column_name, is_nullable, data_type, character_maximum_length, numeric_precision, numeric_scale FROM information_schema.columns WHERE table_schema = 'myBlog' AND table_name = 'users'

2022/04/13 19:54:15 /Users/zhangdeyu/go/pkg/mod/gorm.io/driver/mysql@v1.2.1/migrator.go:234
[51.195ms] [rows:-] SELECT DATABASE()

2022/04/13 19:54:15 /Users/zhangdeyu/go/pkg/mod/gorm.io/driver/mysql@v1.2.1/migrator.go:237
[97.211ms] [rows:1] SELECT SCHEMA_NAME from Information_schema.SCHEMATA where SCHEMA_NAME LIKE 'myBlog%' ORDER BY SCHEMA_NAME='myBlog' DESC limit 1

2022/04/13 19:54:15 /Users/zhangdeyu/Desktop/项目/Front-MyBlog/blog_back_end_go/bootstrap/db.go:32
[97.728ms] [rows:-] SELECT count(*) FROM information_schema.statistics WHERE table_schema = 'myBlog' AND table_name = 'users' AND index_name = 'idx_users_deleted_at'

2022/04/13 19:54:15 /Users/zhangdeyu/go/pkg/mod/gorm.io/driver/mysql@v1.2.1/migrator.go:234
[47.120ms] [rows:-] SELECT DATABASE()

2022/04/13 19:54:15 /Users/zhangdeyu/go/pkg/mod/gorm.io/driver/mysql@v1.2.1/migrator.go:237
[97.277ms] [rows:1] SELECT SCHEMA_NAME from Information_schema.SCHEMATA where SCHEMA_NAME LIKE 'myBlog%' ORDER BY SCHEMA_NAME='myBlog' DESC limit 1

2022/04/13 19:54:15 /Users/zhangdeyu/Desktop/项目/Front-MyBlog/blog_back_end_go/bootstrap/db.go:32
[96.181ms] [rows:-] SELECT count(*) FROM information_schema.statistics WHERE table_schema = 'myBlog' AND table_name = 'users' AND index_name = 'idx_users_mobile'

2022/04/13 19:54:15 /Users/zhangdeyu/Desktop/项目/Front-MyBlog/blog_back_end_go/app_new/dao/common/dbctl/common.go:38
[47.931ms] [rows:1] SELECT * FROM `diary_ps`

2022/04/13 19:54:15 /Users/zhangdeyu/Desktop/项目/Front-MyBlog/blog_back_end_go/app_new/dao/common/dbctl/common.go:16
[199.057ms] [rows:1] INSERT INTO `diary_ps` (`password`) VALUES ('test_golang')

2022/04/13 19:54:15 /Users/zhangdeyu/Desktop/项目/Front-MyBlog/blog_back_end_go/app_new/dao/common/dbctl/common.go:38
[95.792ms] [rows:1] SELECT * FROM `diary_ps` WHERE `password` = 'test_golang'

2022/04/13 19:54:15 /Users/zhangdeyu/Desktop/项目/Front-MyBlog/blog_back_end_go/app_new/dao/common/dbctl/common.go:38
[95.975ms] [rows:1] SELECT * FROM `diary_ps` WHERE `id` = 2

2022/04/13 19:54:16 /Users/zhangdeyu/Desktop/项目/Front-MyBlog/blog_back_end_go/app_new/dao/diary/diary.go:113
[196.663ms] [rows:1] UPDATE `diary_ps` SET `password`='test_modify_golang' WHERE `id` = 2

2022/04/13 19:54:16 /Users/zhangdeyu/Desktop/项目/Front-MyBlog/blog_back_end_go/app_new/dao/common/dbctl/common.go:38
[95.101ms] [rows:1] SELECT * FROM `diary_ps` WHERE `id` = 2

2022/04/13 19:54:16 /Users/zhangdeyu/Desktop/项目/Front-MyBlog/blog_back_end_go/app_new/dao/common/dbctl/common.go:54 SLOW SQL >= 200ms
[208.007ms] [rows:1] DELETE FROM `diary_ps` WHERE `id` = 2

2022/04/13 19:54:16 /Users/zhangdeyu/Desktop/项目/Front-MyBlog/blog_back_end_go/app_new/dao/common/dbctl/common.go:38
[95.046ms] [rows:0] SELECT * FROM `diary_ps` WHERE `id` = 2

2022/04/15 22:18:58 /Users/zhangdeyu/go/pkg/mod/gorm.io/driver/mysql@v1.2.1/migrator.go:234
[48.715ms] [rows:-] SELECT DATABASE()

2022/04/15 22:18:58 /Users/zhangdeyu/go/pkg/mod/gorm.io/driver/mysql@v1.2.1/migrator.go:237
[98.576ms] [rows:1] SELECT SCHEMA_NAME from Information_schema.SCHEMATA where SCHEMA_NAME LIKE 'myBlog%' ORDER BY SCHEMA_NAME='myBlog' DESC limit 1

2022/04/15 22:18:59 /Users/zhangdeyu/Desktop/项目/Front-MyBlog/blog_back_end_go/bootstrap/db.go:32
[98.592ms] [rows:-] SELECT count(*) FROM information_schema.tables WHERE table_schema = 'myBlog' AND table_name = 'users' AND table_type = 'BASE TABLE'

2022/04/15 22:18:59 /Users/zhangdeyu/go/pkg/mod/gorm.io/driver/mysql@v1.2.1/migrator.go:234
[48.560ms] [rows:-] SELECT DATABASE()

2022/04/15 22:18:59 /Users/zhangdeyu/go/pkg/mod/gorm.io/driver/mysql@v1.2.1/migrator.go:237
[97.810ms] [rows:1] SELECT SCHEMA_NAME from Information_schema.SCHEMATA where SCHEMA_NAME LIKE 'myBlog%' ORDER BY SCHEMA_NAME='myBlog' DESC limit 1

2022/04/15 22:18:59 /Users/zhangdeyu/go/pkg/mod/gorm.io/driver/mysql@v1.2.1/migrator.go:205
[97.538ms] [rows:-] SELECT column_name, is_nullable, data_type, character_maximum_length, numeric_precision, numeric_scale FROM information_schema.columns WHERE table_schema = 'myBlog' AND table_name = 'users'

2022/04/15 22:18:59 /Users/zhangdeyu/go/pkg/mod/gorm.io/driver/mysql@v1.2.1/migrator.go:234
[48.724ms] [rows:-] SELECT DATABASE()

2022/04/15 22:18:59 /Users/zhangdeyu/go/pkg/mod/gorm.io/driver/mysql@v1.2.1/migrator.go:237
[102.044ms] [rows:1] SELECT SCHEMA_NAME from Information_schema.SCHEMATA where SCHEMA_NAME LIKE 'myBlog%' ORDER BY SCHEMA_NAME='myBlog' DESC limit 1

2022/04/15 22:18:59 /Users/zhangdeyu/Desktop/项目/Front-MyBlog/blog_back_end_go/bootstrap/db.go:32
[100.430ms] [rows:-] SELECT count(*) FROM information_schema.statistics WHERE table_schema = 'myBlog' AND table_name = 'users' AND index_name = 'idx_users_mobile'

2022/04/15 22:18:59 /Users/zhangdeyu/go/pkg/mod/gorm.io/driver/mysql@v1.2.1/migrator.go:234
[48.500ms] [rows:-] SELECT DATABASE()

2022/04/15 22:18:59 /Users/zhangdeyu/go/pkg/mod/gorm.io/driver/mysql@v1.2.1/migrator.go:237
[97.789ms] [rows:1] SELECT SCHEMA_NAME from Information_schema.SCHEMATA where SCHEMA_NAME LIKE 'myBlog%' ORDER BY SCHEMA_NAME='myBlog' DESC limit 1

2022/04/15 22:18:59 /Users/zhangdeyu/Desktop/项目/Front-MyBlog/blog_back_end_go/bootstrap/db.go:32
[98.437ms] [rows:-] SELECT count(*) FROM information_schema.statistics WHERE table_schema = 'myBlog' AND table_name = 'users' AND index_name = 'idx_users_deleted_at'

2022/04/15 22:18:59 /Users/zhangdeyu/Desktop/项目/Front-MyBlog/blog_back_end_go/app_new/dao/common/dbctl/common.go:38
[49.162ms] [rows:1] SELECT * FROM `diary_ps`

2022/04/15 22:18:59 /Users/zhangdeyu/Desktop/项目/Front-MyBlog/blog_back_end_go/app_new/dao/common/dbctl/common.go:16 SLOW SQL >= 200ms
[201.900ms] [rows:1] INSERT INTO `diary_ps` (`password`) VALUES ('test_golang')

2022/04/15 22:19:00 /Users/zhangdeyu/Desktop/项目/Front-MyBlog/blog_back_end_go/app_new/dao/common/dbctl/common.go:38
[96.677ms] [rows:1] SELECT * FROM `diary_ps` WHERE `password` = 'test_golang'

2022/04/15 22:19:00 /Users/zhangdeyu/Desktop/项目/Front-MyBlog/blog_back_end_go/app_new/dao/common/dbctl/common.go:38
[96.615ms] [rows:1] SELECT * FROM `diary_ps` WHERE `id` = 3

2022/04/15 22:19:00 /Users/zhangdeyu/Desktop/项目/Front-MyBlog/blog_back_end_go/app_new/dao/diary/diary.go:119 SLOW SQL >= 200ms
[204.163ms] [rows:1] UPDATE `diary_ps` SET `password`='test_modify_golang' WHERE `id` = 3

2022/04/15 22:19:00 /Users/zhangdeyu/Desktop/项目/Front-MyBlog/blog_back_end_go/app_new/dao/common/dbctl/common.go:38
[97.838ms] [rows:1] SELECT * FROM `diary_ps` WHERE `id` = 3

2022/04/15 22:19:00 /Users/zhangdeyu/Desktop/项目/Front-MyBlog/blog_back_end_go/app_new/dao/common/dbctl/common.go:54 SLOW SQL >= 200ms
[203.018ms] [rows:1] DELETE FROM `diary_ps` WHERE `id` = 3

2022/04/15 22:19:00 /Users/zhangdeyu/Desktop/项目/Front-MyBlog/blog_back_end_go/app_new/dao/common/dbctl/common.go:38
[98.249ms] [rows:0] SELECT * FROM `diary_ps` WHERE `id` = 3
